<?xml version="1.0" encoding="UTF-8"?>
<!-- Generated by org.testng.reporters.JUnitReportReporter -->
<testsuite hostname="edulab3" failures="0" tests="1" name="com.crm.qa.testpage.Calenderpage_event_Test" time="30.015" errors="0" timestamp="2023-09-30T15:33:32 IST" skipped="0">
  <testcase classname="com.crm.qa.testpage.Calenderpage_event_Test" name="verify_calenderevent" time="30.015"/>
  <system-out/>
</testsuite> <!-- com.crm.qa.testpage.Calenderpage_event_Test -->
