<?xml version="1.0" encoding="UTF-8"?>
<!-- Generated by org.testng.reporters.JUnitReportReporter -->
<testsuite hostname="edulab3" failures="0" tests="3" name="com.testcase_pom.Add_New_ContactTest_pom" time="33.329" errors="0" timestamp="2023-12-05T12:22:25 IST" skipped="0">
  <testcase classname="com.testcase_pom.Add_New_ContactTest_pom" name="validate_new_contact" time="14.915"/>
  <system-out/>
  <testcase classname="com.testcase_pom.Add_New_ContactTest_pom" name="validate_new_contact" time="9.511"/>
  <system-out/>
  <testcase classname="com.testcase_pom.Add_New_ContactTest_pom" name="validate_new_contact" time="8.903"/>
  <system-out/>
</testsuite> <!-- com.testcase_pom.Add_New_ContactTest_pom -->
