<?xml version="1.0" encoding="UTF-8"?>
<!-- Generated by org.testng.reporters.JUnitReportReporter -->
<testsuite hostname="edulab3" failures="0" tests="3" name="com.testpages.TestMethod_Googlesearch" time="8.473" errors="0" timestamp="2023-08-25T13:00:52 IST" skipped="0">
  <testcase classname="com.testpages.TestMethod_Googlesearch" name="Verify_searchOption" time="0.393"/>
  <system-out/>
  <testcase classname="com.testpages.TestMethod_Googlesearch" name="Verify_fb_signup" time="3.230"/>
  <system-out/>
  <testcase classname="com.testpages.TestMethod_Googlesearch" name="Verify_login" time="4.850"/>
  <system-out/>
</testsuite> <!-- com.testpages.TestMethod_Googlesearch -->
