<?xml version="1.0" encoding="UTF-8"?>
<!-- Generated by org.testng.reporters.JUnitReportReporter -->
<testsuite hostname="edulab3" failures="0" tests="3" name="com.edulabtest.Googlesearchtest" time="3.458" errors="0" timestamp="2023-08-25T16:19:44 IST" skipped="0">
  <testcase classname="com.edulabtest.Googlesearchtest" name="googlesearch" time="0.445"/>
  <system-out/>
  <testcase classname="com.edulabtest.Googlesearchtest" name="signfb" time="2.826"/>
  <system-out/>
  <testcase classname="com.edulabtest.Googlesearchtest" name="login_user" time="0.187"/>
  <system-out/>
</testsuite> <!-- com.edulabtest.Googlesearchtest -->
