<?xml version="1.0" encoding="UTF-8"?>
<!-- Generated by org.testng.reporters.JUnitReportReporter -->
<testsuite hostname="edulab3" failures="0" tests="2" name="com.testcase_pom.LoginpageTest_pom" time="11.766" errors="0" timestamp="2023-12-05T17:37:01 IST" skipped="0">
  <testcase classname="com.testcase_pom.LoginpageTest_pom" name="validate_loginpage_titletest" time="5.139"/>
  <system-out/>
  <testcase classname="com.testcase_pom.LoginpageTest_pom" name="validate_loginpage" time="6.627"/>
  <system-out/>
</testsuite> <!-- com.testcase_pom.LoginpageTest_pom -->
